<?xml version="1.0" encoding="UTF-8" ?>
<testsuite errors="1" failures="0" hostname="Aishanis-MacBook-Pro.local" name="com.flatironschool.javacs.WikiCrawlerTest" skipped="0" tests="1" time="3.347" timestamp="2016-07-18T03:33:39">
  <properties>
[...]
</properties>
  <testcase classname="com.flatironschool.javacs.WikiCrawlerTest" name="testCrawl" time="2.903">
    <error message="no protocol: " type="java.net.MalformedURLException">java.net.MalformedURLException: no protocol: 
	at java.net.URL.&lt;init&gt;(URL.java:593)
	at java.net.URL.&lt;init&gt;(URL.java:490)
	at java.net.URL.&lt;init&gt;(URL.java:439)
	at com.flatironschool.javacs.WikiFetcher.readWikipedia(WikiFetcher.java:49)
	at com.flatironschool.javacs.WikiCrawler.crawl(WikiCrawler.java:62)
	at com.flatironschool.javacs.WikiCrawlerTest.testCrawl(WikiCrawlerTest.java:68)
</error>
  </testcase>
  <system-out><![CDATA[/wiki/Programming_language

/wiki/Concurrent_computing

/wiki/Class-based_programming

/wiki/Object-oriented_programming

/wiki/Write_once,_run_anywhere

/wiki/Compiler

/wiki/Java_bytecode

/wiki/Java_virtual_machine

/wiki/Computer_architecture

/wiki/Measuring_programming_language_popularity

/wiki/Wikipedia:Citation_needed

/wiki/James_Gosling

/wiki/Sun_Microsystems

/wiki/Sun_acquisition_by_Oracle

/wiki/Java_(software_platform)

/wiki/Syntax_(programming_languages)

/wiki/C_(programming_language)

/wiki/C%2B%2B

/wiki/Low-level_programming_language

/wiki/Reference_implementation

/wiki/Compiler

/wiki/Library_(computing)

/wiki/Java_Community_Process

/wiki/GNU_General_Public_License

/wiki/GNU_Compiler_for_Java

/wiki/GNU_Classpath

/wiki/IcedTea

/wiki/James_Gosling

/wiki/Patrick_Naughton

/wiki/Oak_(programming_language)

/wiki/Oak

/wiki/Java_coffee

/wiki/Sun_Microsystems

/wiki/Computing_platform

/wiki/Web_browser

/wiki/Java_applet

/wiki/Bootstrapping_(compilers)

/wiki/Arthur_van_Hoff

/wiki/Java_Platform,_Enterprise_Edition

/wiki/Java_Platform,_Micro_Edition

/wiki/Java_Platform,_Standard_Edition

/wiki/ISO/IEC_JTC_1

/wiki/Ecma_International

/wiki/De_facto_standard

/wiki/Java_Community_Process

/wiki/Proprietary_software

/wiki/Free_and_open-source_software

/wiki/GNU_General_Public_License

/wiki/Free_software

/wiki/Oracle_Corporation

/wiki/Laptop

/wiki/Data_center

/wiki/Video_game_console

/wiki/Supercomputer

/wiki/Java_bytecode

/wiki/Machine_code

/wiki/Virtual_machine

/wiki/End_user

/wiki/Java_virtual_machine

/wiki/Applet

/wiki/Thread_(computing)

/wiki/Computer_network

/wiki/Executable

/wiki/Just-in-time_compilation

/wiki/Java_virtual_machine

/wiki/Java_bytecode

/wiki/Oracle_Corporation

/wiki/Sun_Microsystems

/wiki/Microsoft_Windows

/wiki/OS_X

/wiki/Linux

/wiki/Solaris_(operating_system)

/wiki/Ecma_International

/wiki/De_facto_standard

/wiki/Java_Development_Kit

/wiki/Java_compiler

/wiki/Javadoc

/wiki/JAR_(file_format)

/wiki/Debugger

/wiki/OpenJDK

/wiki/Microsoft

/wiki/Java_remote_method_invocation

/wiki/Java_Native_Interface

/wiki/Microsoft_Windows

/wiki/Java_Platform,_Enterprise_Edition

/wiki/Just-in-time_compilation

/wiki/Java_version_history

/wiki/HotSpot

/wiki/ARM_architecture

/wiki/Jazelle

/wiki/Garbage_collection_(computer_science)

/wiki/Object_lifetime

/wiki/Unreachable_memory

/wiki/Memory_leak

/wiki/Stack_(abstract_data_type)

/wiki/Memory_management#DYNAMIC

/wiki/Memory_leak

/wiki/Smart_pointer

/wiki/Pointer_(computer_programming)

/wiki/Primitive_data_type

/wiki/Stack-based_memory_allocation

/wiki/Escape_analysis

/wiki/Wikipedia:Citation_needed

/wiki/Concurrent_mark_sweep_collector

/wiki/C%2B%2B

/wiki/Boolean_data_type

/wiki/Operator_overloading

/wiki/Multiple_inheritance

/wiki/Interface_(Java)

/wiki/Anti-pattern

/wiki/Javadoc

/wiki/%22Hello,_world!%22_program

/wiki/Java_compiler

/wiki/Inner_class

/wiki/Class_(computer_programming)#Unnamed

/wiki/List_of_Java_keywords

/wiki/Method_(computer_programming)#Static_methods

/wiki/Enterprise_JavaBeans

/wiki/Array_data_type

/wiki/Variadic_function

/wiki/JAR_(file_format)

/wiki/Array_data_type

/wiki/Command-line_interface

/wiki/Standard_streams

/wiki/Java_compiler

/wiki/Source_code

/wiki/Inheritance_(object-oriented_programming)#Subclasses_and_superclasses

/wiki/Object_lifetime

/wiki/Graphical_user_interface

/wiki/Event-driven_programming

/wiki/Method_overriding

/wiki/Java_annotation

/wiki/Inheritance_(object-oriented_programming)#Subclasses_and_superclasses

/wiki/Pixel

/wiki/HTML

/wiki/HTML_element

/wiki/Event_dispatching_thread

/wiki/Java_Servlet

/wiki/Server-side

/wiki/HTML

/wiki/Hypertext_Transfer_Protocol

/wiki/Client_(computing)

/wiki/Interface_(Java)

/wiki/Server_(computing)

/wiki/Interface_(Java)

/wiki/Exception_handling

/wiki/MIME

/wiki/Server-side

/wiki/HTML

/wiki/Hypertext_Transfer_Protocol

/wiki/Client_(computing)

/wiki/Delimiter

/wiki/Swing_(Java)

/wiki/Library_(computing)

/wiki/Pluggable_look_and_feel

/wiki/Microsoft_Windows

/wiki/GTK%2B

/wiki/Motif_(software)

/wiki/Apple_Inc.

/wiki/Aqua_(user_interface)

/wiki/OS_X

/wiki/Graphical_control_element

/wiki/Window_(computing)

/wiki/Title_bar

/wiki/Graphical_control_element

/wiki/Constructor_(object-oriented_programming)

/wiki/Object_(computer_science)

/wiki/Event_dispatching_thread

/wiki/Generic_programming

/wiki/Type_safety

/wiki/HotSpot

/wiki/Apache_Harmony

/wiki/Smartphone

/wiki/Tablet_computer

/wiki/Google

/wiki/Android_(operating_system)

/wiki/Open_source

/wiki/Mobile_operating_system

/wiki/Linux_kernel

/wiki/Android_software_development#SDK

/wiki/Dalvik_(software)

/wiki/Android_Runtime

/wiki/William_Haskell_Alsup

/wiki/Java_Class_Library

/wiki/Standard_library

/wiki/Sun_Microsystems

/wiki/Java_Community_Process

/wiki/Wikipedia:Manual_of_Style/Dates_and_numbers#Chronological_items

/wiki/Sun_Microsystems

/wiki/Wikipedia:Manual_of_Style/Words_to_watch#Unsupported_attributions

/wiki/Application_programming_interface

/wiki/Class_(computer_programming)

/wiki/Java_package

/wiki/Interface_(Java)

/wiki/Exception_handling

/wiki/Wikipedia:TOPIC

/wiki/Talk:Java_(programming_language)#Relevant

/wiki/PersonalJava

Indexing https://en.wikipedia.org/wiki/Java_(programming_language)
/wiki/Programming_language

/wiki/Concurrent_computing

/wiki/Class-based_programming

/wiki/Object-oriented_programming

/wiki/Write_once,_run_anywhere

/wiki/Compiler

/wiki/Java_bytecode

/wiki/Java_virtual_machine

/wiki/Computer_architecture

/wiki/Measuring_programming_language_popularity

/wiki/Wikipedia:Citation_needed

/wiki/James_Gosling

/wiki/Sun_Microsystems

/wiki/Sun_acquisition_by_Oracle

/wiki/Java_(software_platform)

/wiki/Syntax_(programming_languages)

/wiki/C_(programming_language)

/wiki/C%2B%2B

/wiki/Low-level_programming_language

/wiki/Reference_implementation

/wiki/Compiler

/wiki/Library_(computing)

/wiki/Java_Community_Process

/wiki/GNU_General_Public_License

/wiki/GNU_Compiler_for_Java

/wiki/GNU_Classpath

/wiki/IcedTea

/wiki/James_Gosling

/wiki/Patrick_Naughton

/wiki/Oak_(programming_language)

/wiki/Oak

/wiki/Java_coffee

/wiki/Sun_Microsystems

/wiki/Computing_platform

/wiki/Web_browser

/wiki/Java_applet

/wiki/Bootstrapping_(compilers)

/wiki/Arthur_van_Hoff

/wiki/Java_Platform,_Enterprise_Edition

/wiki/Java_Platform,_Micro_Edition

/wiki/Java_Platform,_Standard_Edition

/wiki/ISO/IEC_JTC_1

/wiki/Ecma_International

/wiki/De_facto_standard

/wiki/Java_Community_Process

/wiki/Proprietary_software

/wiki/Free_and_open-source_software

/wiki/GNU_General_Public_License

/wiki/Free_software

/wiki/Oracle_Corporation

/wiki/Laptop

/wiki/Data_center

/wiki/Video_game_console

/wiki/Supercomputer

/wiki/Java_bytecode

/wiki/Machine_code

/wiki/Virtual_machine

/wiki/End_user

/wiki/Java_virtual_machine

/wiki/Applet

/wiki/Thread_(computing)

/wiki/Computer_network

/wiki/Executable

/wiki/Just-in-time_compilation

/wiki/Java_virtual_machine

/wiki/Java_bytecode

/wiki/Oracle_Corporation

/wiki/Sun_Microsystems

/wiki/Microsoft_Windows

/wiki/OS_X

/wiki/Linux

/wiki/Solaris_(operating_system)

/wiki/Ecma_International

/wiki/De_facto_standard

/wiki/Java_Development_Kit

/wiki/Java_compiler

/wiki/Javadoc

/wiki/JAR_(file_format)

/wiki/Debugger

/wiki/OpenJDK

/wiki/Microsoft

/wiki/Java_remote_method_invocation

/wiki/Java_Native_Interface

/wiki/Microsoft_Windows

/wiki/Java_Platform,_Enterprise_Edition

/wiki/Just-in-time_compilation

/wiki/Java_version_history

/wiki/HotSpot

/wiki/ARM_architecture

/wiki/Jazelle

/wiki/Garbage_collection_(computer_science)

/wiki/Object_lifetime

/wiki/Unreachable_memory

/wiki/Memory_leak

/wiki/Stack_(abstract_data_type)

/wiki/Memory_management#DYNAMIC

/wiki/Memory_leak

/wiki/Smart_pointer

/wiki/Pointer_(computer_programming)

/wiki/Primitive_data_type

/wiki/Stack-based_memory_allocation

/wiki/Escape_analysis

/wiki/Wikipedia:Citation_needed

/wiki/Concurrent_mark_sweep_collector

/wiki/C%2B%2B

/wiki/Boolean_data_type

/wiki/Operator_overloading

/wiki/Multiple_inheritance

/wiki/Interface_(Java)

/wiki/Anti-pattern

/wiki/Javadoc

/wiki/%22Hello,_world!%22_program

/wiki/Java_compiler

/wiki/Inner_class

/wiki/Class_(computer_programming)#Unnamed

/wiki/List_of_Java_keywords

/wiki/Method_(computer_programming)#Static_methods

/wiki/Enterprise_JavaBeans

/wiki/Array_data_type

/wiki/Variadic_function

/wiki/JAR_(file_format)

/wiki/Array_data_type

/wiki/Command-line_interface

/wiki/Standard_streams

/wiki/Java_compiler

/wiki/Source_code

/wiki/Inheritance_(object-oriented_programming)#Subclasses_and_superclasses

/wiki/Object_lifetime

/wiki/Graphical_user_interface

/wiki/Event-driven_programming

/wiki/Method_overriding

/wiki/Java_annotation

/wiki/Inheritance_(object-oriented_programming)#Subclasses_and_superclasses

/wiki/Pixel

/wiki/HTML

/wiki/HTML_element

/wiki/Event_dispatching_thread

/wiki/Java_Servlet

/wiki/Server-side

/wiki/HTML

/wiki/Hypertext_Transfer_Protocol

/wiki/Client_(computing)

/wiki/Interface_(Java)

/wiki/Server_(computing)

/wiki/Interface_(Java)

/wiki/Exception_handling

/wiki/MIME

/wiki/Server-side

/wiki/HTML

/wiki/Hypertext_Transfer_Protocol

/wiki/Client_(computing)

/wiki/Delimiter

/wiki/Swing_(Java)

/wiki/Library_(computing)

/wiki/Pluggable_look_and_feel

/wiki/Microsoft_Windows

/wiki/GTK%2B

/wiki/Motif_(software)

/wiki/Apple_Inc.

/wiki/Aqua_(user_interface)

/wiki/OS_X

/wiki/Graphical_control_element

/wiki/Window_(computing)

/wiki/Title_bar

/wiki/Graphical_control_element

/wiki/Constructor_(object-oriented_programming)

/wiki/Object_(computer_science)

/wiki/Event_dispatching_thread

/wiki/Generic_programming

/wiki/Type_safety

/wiki/HotSpot

/wiki/Apache_Harmony

/wiki/Smartphone

/wiki/Tablet_computer

/wiki/Google

/wiki/Android_(operating_system)

/wiki/Open_source

/wiki/Mobile_operating_system

/wiki/Linux_kernel

/wiki/Android_software_development#SDK

/wiki/Dalvik_(software)

/wiki/Android_Runtime

/wiki/William_Haskell_Alsup

/wiki/Java_Class_Library

/wiki/Standard_library

/wiki/Sun_Microsystems

/wiki/Java_Community_Process

/wiki/Wikipedia:Manual_of_Style/Dates_and_numbers#Chronological_items

/wiki/Sun_Microsystems

/wiki/Wikipedia:Manual_of_Style/Words_to_watch#Unsupported_attributions

/wiki/Application_programming_interface

/wiki/Class_(computer_programming)

/wiki/Java_package

/wiki/Interface_(Java)

/wiki/Exception_handling

/wiki/Wikipedia:TOPIC

/wiki/Talk:Java_(programming_language)#Relevant

/wiki/PersonalJava

]]></system-out>
  <system-err><![CDATA[]]></system-err>
</testsuite>
